<?xml version="1.0" encoding="UTF-8"?>
<testsuites>
  <testsuite name="Phing Batchtest" tests="124" assertions="84" failures="0" errors="4" time="60.854670">
    <testsuite name="EqualsConditionTest" file="/home/druid/dev/phing/trunk/test/classes/phing/tasks/condition/EqualsConditionTest.php" fullPackage="phing.tasks.system.condition" package="phing.tasks.system.condition" tests="2" assertions="5" failures="0" errors="0" time="0.039086">
      <testcase name="testTrim" class="EqualsConditionTest" file="/home/druid/dev/phing/trunk/test/classes/phing/tasks/condition/EqualsConditionTest.php" line="36" assertions="3" time="0.038393"/>
      <testcase name="testCaseSensitive" class="EqualsConditionTest" file="/home/druid/dev/phing/trunk/test/classes/phing/tasks/condition/EqualsConditionTest.php" line="49" assertions="2" time="0.000693"/>
    </testsuite>
    <testsuite name="ContainsConditionTest" file="/home/druid/dev/phing/trunk/test/classes/phing/tasks/condition/ContainsConditionTest.php" fullPackage="phing.tasks.system.condition" package="phing.tasks.system.condition" tests="1" assertions="2" failures="0" errors="0" time="0.000745">
      <testcase name="testCaseSensitive" class="ContainsConditionTest" file="/home/druid/dev/phing/trunk/test/classes/phing/tasks/condition/ContainsConditionTest.php" line="36" assertions="2" time="0.000745"/>
    </testsuite>
    <testsuite name="GitCheckoutTaskTest" file="/home/druid/dev/phing/trunk/test/classes/phing/tasks/ext/GitTasks/GitCheckoutTaskTest.php" fullPackage="phing.tasks.ext" package="phing.tasks.ext" tests="8" assertions="0" failures="0" errors="0" time="4.661535">
      <testcase name="testCheckoutExistingBranch" class="GitCheckoutTaskTest" file="/home/druid/dev/phing/trunk/test/classes/phing/tasks/ext/GitTasks/GitCheckoutTaskTest.php" line="51" assertions="0" time="1.309317"/>
      <testcase name="testCheckoutNonExistingBranch" class="GitCheckoutTaskTest" file="/home/druid/dev/phing/trunk/test/classes/phing/tasks/ext/GitTasks/GitCheckoutTaskTest.php" line="63" assertions="0" time="0.670315"/>
      <testcase name="testNoRepositorySpecified" class="GitCheckoutTaskTest" file="/home/druid/dev/phing/trunk/test/classes/phing/tasks/ext/GitTasks/GitCheckoutTaskTest.php" line="70" assertions="0" time="0.050850"/>
      <testcase name="testNoBranchnameSpecified" class="GitCheckoutTaskTest" file="/home/druid/dev/phing/trunk/test/classes/phing/tasks/ext/GitTasks/GitCheckoutTaskTest.php" line="77" assertions="0" time="0.053445"/>
      <testcase name="testCheckoutMerge" class="GitCheckoutTaskTest" file="/home/druid/dev/phing/trunk/test/classes/phing/tasks/ext/GitTasks/GitCheckoutTaskTest.php" line="84" assertions="0" time="0.613790"/>
      <testcase name="testCheckoutCreateBranch" class="GitCheckoutTaskTest" file="/home/druid/dev/phing/trunk/test/classes/phing/tasks/ext/GitTasks/GitCheckoutTaskTest.php" line="93" assertions="0" time="0.620672"/>
      <testcase name="testForceCheckoutCreateBranch" class="GitCheckoutTaskTest" file="/home/druid/dev/phing/trunk/test/classes/phing/tasks/ext/GitTasks/GitCheckoutTaskTest.php" line="102" assertions="0" time="0.739312"/>
      <testcase name="testForceCheckoutCreateBranchFailed" class="GitCheckoutTaskTest" file="/home/druid/dev/phing/trunk/test/classes/phing/tasks/ext/GitTasks/GitCheckoutTaskTest.php" line="110" assertions="0" time="0.603834"/>
    </testsuite>
    <testsuite name="GitBaseTest" file="/home/druid/dev/phing/trunk/test/classes/phing/tasks/ext/GitTasks/GitBaseTest.php" fullPackage="phing.tasks.ext" package="phing.tasks.ext" tests="3" assertions="6" failures="0" errors="0" time="0.208292">
      <testcase name="testInitialization" class="GitBaseTest" file="/home/druid/dev/phing/trunk/test/classes/phing/tasks/ext/GitTasks/GitBaseTest.php" line="40" assertions="2" time="0.139523"/>
      <testcase name="testArguments" class="GitBaseTest" file="/home/druid/dev/phing/trunk/test/classes/phing/tasks/ext/GitTasks/GitBaseTest.php" line="48" assertions="1" time="0.024595"/>
      <testcase name="testMutators" class="GitBaseTest" file="/home/druid/dev/phing/trunk/test/classes/phing/tasks/ext/GitTasks/GitBaseTest.php" line="51" assertions="3" time="0.044174"/>
    </testsuite>
    <testsuite name="GitFetchTaskTest" file="/home/druid/dev/phing/trunk/test/classes/phing/tasks/ext/GitTasks/GitFetchTaskTest.php" fullPackage="phing.tasks.ext" package="phing.tasks.ext" tests="5" assertions="0" failures="0" errors="0" time="2.787383">
      <testcase name="testAllParamsSet" class="GitFetchTaskTest" file="/home/druid/dev/phing/trunk/test/classes/phing/tasks/ext/GitTasks/GitFetchTaskTest.php" line="51" assertions="0" time="0.907767"/>
      <testcase name="testFetchAllRemotes" class="GitFetchTaskTest" file="/home/druid/dev/phing/trunk/test/classes/phing/tasks/ext/GitTasks/GitFetchTaskTest.php" line="59" assertions="0" time="0.865147"/>
      <testcase name="testNoRepositorySpecified" class="GitFetchTaskTest" file="/home/druid/dev/phing/trunk/test/classes/phing/tasks/ext/GitTasks/GitFetchTaskTest.php" line="67" assertions="0" time="0.034969"/>
      <testcase name="testNoTargetSpecified" class="GitFetchTaskTest" file="/home/druid/dev/phing/trunk/test/classes/phing/tasks/ext/GitTasks/GitFetchTaskTest.php" line="74" assertions="0" time="0.044678"/>
      <testcase name="testRefspecSet" class="GitFetchTaskTest" file="/home/druid/dev/phing/trunk/test/classes/phing/tasks/ext/GitTasks/GitFetchTaskTest.php" line="81" assertions="0" time="0.934822"/>
    </testsuite>
    <testsuite name="GitBranchTaskTest" file="/home/druid/dev/phing/trunk/test/classes/phing/tasks/ext/GitTasks/GitBranchTaskTest.php" fullPackage="phing.tasks.ext" package="phing.tasks.ext" tests="12" assertions="0" failures="0" errors="0" time="6.546343">
      <testcase name="testAllParamsSet" class="GitBranchTaskTest" file="/home/druid/dev/phing/trunk/test/classes/phing/tasks/ext/GitTasks/GitBranchTaskTest.php" line="51" assertions="0" time="0.618086"/>
      <testcase name="testNoRepositorySpecified" class="GitBranchTaskTest" file="/home/druid/dev/phing/trunk/test/classes/phing/tasks/ext/GitTasks/GitBranchTaskTest.php" line="58" assertions="0" time="0.056830"/>
      <testcase name="testNoBranchnameSpecified" class="GitBranchTaskTest" file="/home/druid/dev/phing/trunk/test/classes/phing/tasks/ext/GitTasks/GitBranchTaskTest.php" line="65" assertions="0" time="0.057056"/>
      <testcase name="testTrackParameter" class="GitBranchTaskTest" file="/home/druid/dev/phing/trunk/test/classes/phing/tasks/ext/GitTasks/GitBranchTaskTest.php" line="72" assertions="0" time="0.604312"/>
      <testcase name="testNoTrackParameter" class="GitBranchTaskTest" file="/home/druid/dev/phing/trunk/test/classes/phing/tasks/ext/GitTasks/GitBranchTaskTest.php" line="81" assertions="0" time="0.674676"/>
      <testcase name="testSetUpstreamParameter" class="GitBranchTaskTest" file="/home/druid/dev/phing/trunk/test/classes/phing/tasks/ext/GitTasks/GitBranchTaskTest.php" line="90" assertions="0" time="0.587737"/>
      <testcase name="testForceParameter" class="GitBranchTaskTest" file="/home/druid/dev/phing/trunk/test/classes/phing/tasks/ext/GitTasks/GitBranchTaskTest.php" line="99" assertions="0" time="0.632177"/>
      <testcase name="testDeleteBranch" class="GitBranchTaskTest" file="/home/druid/dev/phing/trunk/test/classes/phing/tasks/ext/GitTasks/GitBranchTaskTest.php" line="108" assertions="0" time="0.732958"/>
      <testcase name="testMoveBranch" class="GitBranchTaskTest" file="/home/druid/dev/phing/trunk/test/classes/phing/tasks/ext/GitTasks/GitBranchTaskTest.php" line="120" assertions="0" time="0.720725"/>
      <testcase name="testForceMoveBranch" class="GitBranchTaskTest" file="/home/druid/dev/phing/trunk/test/classes/phing/tasks/ext/GitTasks/GitBranchTaskTest.php" line="130" assertions="0" time="0.654130"/>
      <testcase name="testForceMoveBranchNoNewbranch" class="GitBranchTaskTest" file="/home/druid/dev/phing/trunk/test/classes/phing/tasks/ext/GitTasks/GitBranchTaskTest.php" line="140" assertions="0" time="0.605519"/>
      <testcase name="testMoveBranchNoNewbranch" class="GitBranchTaskTest" file="/home/druid/dev/phing/trunk/test/classes/phing/tasks/ext/GitTasks/GitBranchTaskTest.php" line="149" assertions="0" time="0.602138"/>
    </testsuite>
    <testsuite name="GitPushTaskTest" file="/home/druid/dev/phing/trunk/test/classes/phing/tasks/ext/GitTasks/GitPushTaskTest.php" fullPackage="phing.tasks.ext" package="phing.tasks.ext" tests="8" assertions="0" failures="0" errors="0" time="31.483579">
      <testcase name="testAllParamsSet" class="GitPushTaskTest" file="/home/druid/dev/phing/trunk/test/classes/phing/tasks/ext/GitTasks/GitPushTaskTest.php" line="51" assertions="0" time="5.032819"/>
      <testcase name="testAllReposSet" class="GitPushTaskTest" file="/home/druid/dev/phing/trunk/test/classes/phing/tasks/ext/GitTasks/GitPushTaskTest.php" line="59" assertions="0" time="4.839415"/>
      <testcase name="testTagsSet" class="GitPushTaskTest" file="/home/druid/dev/phing/trunk/test/classes/phing/tasks/ext/GitTasks/GitPushTaskTest.php" line="67" assertions="0" time="5.099731"/>
      <testcase name="testDeleteSet" class="GitPushTaskTest" file="/home/druid/dev/phing/trunk/test/classes/phing/tasks/ext/GitTasks/GitPushTaskTest.php" line="75" assertions="0" time="7.081671"/>
      <testcase name="testMirrorSet" class="GitPushTaskTest" file="/home/druid/dev/phing/trunk/test/classes/phing/tasks/ext/GitTasks/GitPushTaskTest.php" line="84" assertions="0" time="5.152762"/>
      <testcase name="testNoRepositorySpecified" class="GitPushTaskTest" file="/home/druid/dev/phing/trunk/test/classes/phing/tasks/ext/GitTasks/GitPushTaskTest.php" line="92" assertions="0" time="0.022731"/>
      <testcase name="testWrongRepo" class="GitPushTaskTest" file="/home/druid/dev/phing/trunk/test/classes/phing/tasks/ext/GitTasks/GitPushTaskTest.php" line="99" assertions="0" time="2.124685"/>
      <testcase name="testNoDestinationSpecified" class="GitPushTaskTest" file="/home/druid/dev/phing/trunk/test/classes/phing/tasks/ext/GitTasks/GitPushTaskTest.php" line="106" assertions="0" time="2.129765"/>
    </testsuite>
    <testsuite name="GitMergeTaskTest" file="/home/druid/dev/phing/trunk/test/classes/phing/tasks/ext/GitTasks/GitMergeTaskTest.php" fullPackage="phing.tasks.ext" package="phing.tasks.ext" tests="6" assertions="0" failures="0" errors="0" time="2.305759">
      <testcase name="testAllParamsSet" class="GitMergeTaskTest" file="/home/druid/dev/phing/trunk/test/classes/phing/tasks/ext/GitTasks/GitMergeTaskTest.php" line="51" assertions="0" time="0.534388"/>
      <testcase name="testNoCommitSet" class="GitMergeTaskTest" file="/home/druid/dev/phing/trunk/test/classes/phing/tasks/ext/GitTasks/GitMergeTaskTest.php" line="59" assertions="0" time="0.543246"/>
      <testcase name="testRemoteSet" class="GitMergeTaskTest" file="/home/druid/dev/phing/trunk/test/classes/phing/tasks/ext/GitTasks/GitMergeTaskTest.php" line="67" assertions="0" time="0.562579"/>
      <testcase name="testNoRepositorySpecified" class="GitMergeTaskTest" file="/home/druid/dev/phing/trunk/test/classes/phing/tasks/ext/GitTasks/GitMergeTaskTest.php" line="75" assertions="0" time="0.021892"/>
      <testcase name="testNoRemotesSpecified" class="GitMergeTaskTest" file="/home/druid/dev/phing/trunk/test/classes/phing/tasks/ext/GitTasks/GitMergeTaskTest.php" line="82" assertions="0" time="0.022468"/>
      <testcase name="testWrongStrategySet" class="GitMergeTaskTest" file="/home/druid/dev/phing/trunk/test/classes/phing/tasks/ext/GitTasks/GitMergeTaskTest.php" line="89" assertions="0" time="0.621186"/>
    </testsuite>
    <testsuite name="GitGcTaskTest" file="/home/druid/dev/phing/trunk/test/classes/phing/tasks/ext/GitTasks/GitGcTaskTest.php" fullPackage="phing.tasks.ext" package="phing.tasks.ext" tests="6" assertions="0" failures="0" errors="0" time="2.886110">
      <testcase name="testAllParamsSet" class="GitGcTaskTest" file="/home/druid/dev/phing/trunk/test/classes/phing/tasks/ext/GitTasks/GitGcTaskTest.php" line="51" assertions="0" time="0.514330"/>
      <testcase name="testNoRepositorySpecified" class="GitGcTaskTest" file="/home/druid/dev/phing/trunk/test/classes/phing/tasks/ext/GitTasks/GitGcTaskTest.php" line="58" assertions="0" time="0.019520"/>
      <testcase name="testAutoParameter" class="GitGcTaskTest" file="/home/druid/dev/phing/trunk/test/classes/phing/tasks/ext/GitTasks/GitGcTaskTest.php" line="65" assertions="0" time="0.504021"/>
      <testcase name="testNoPruneParameter" class="GitGcTaskTest" file="/home/druid/dev/phing/trunk/test/classes/phing/tasks/ext/GitTasks/GitGcTaskTest.php" line="74" assertions="0" time="0.564589"/>
      <testcase name="testAggressiveParameter" class="GitGcTaskTest" file="/home/druid/dev/phing/trunk/test/classes/phing/tasks/ext/GitTasks/GitGcTaskTest.php" line="83" assertions="0" time="0.680497"/>
      <testcase name="testPruneParameter" class="GitGcTaskTest" file="/home/druid/dev/phing/trunk/test/classes/phing/tasks/ext/GitTasks/GitGcTaskTest.php" line="92" assertions="0" time="0.603153"/>
    </testsuite>
    <testsuite name="GitInitTaskTest" file="/home/druid/dev/phing/trunk/test/classes/phing/tasks/ext/GitTasks/GitInitTaskTest.php" fullPackage="phing.tasks.ext" package="phing.tasks.ext" tests="4" assertions="7" failures="0" errors="0" time="0.095519">
      <testcase name="testWrongRepository" class="GitInitTaskTest" file="/home/druid/dev/phing/trunk/test/classes/phing/tasks/ext/GitTasks/GitInitTaskTest.php" line="46" assertions="0" time="0.018071"/>
      <testcase name="testGitInit" class="GitInitTaskTest" file="/home/druid/dev/phing/trunk/test/classes/phing/tasks/ext/GitTasks/GitInitTaskTest.php" line="53" assertions="2" time="0.027156"/>
      <testcase name="testGitInitBare" class="GitInitTaskTest" file="/home/druid/dev/phing/trunk/test/classes/phing/tasks/ext/GitTasks/GitInitTaskTest.php" line="64" assertions="5" time="0.033272"/>
      <testcase name="testNoRepositorySpecified" class="GitInitTaskTest" file="/home/druid/dev/phing/trunk/test/classes/phing/tasks/ext/GitTasks/GitInitTaskTest.php" line="77" assertions="0" time="0.017020"/>
    </testsuite>
    <testsuite name="GitPullTaskTest" file="/home/druid/dev/phing/trunk/test/classes/phing/tasks/ext/GitTasks/GitPullTaskTest.php" fullPackage="phing.tasks.ext" package="phing.tasks.ext" tests="9" assertions="0" failures="0" errors="4" time="6.093095">
      <testcase name="testAllParamsSet" class="GitPullTaskTest" file="/home/druid/dev/phing/trunk/test/classes/phing/tasks/ext/GitTasks/GitPullTaskTest.php" line="51" assertions="0" time="0.760770">
        <error type="BuildException">GitPullTaskTest::testAllParamsSet
BuildException: /home/druid/dev/phing/trunk/test/etc/tasks/ext/GitPullTaskTest.xml:19:22: Task execution failed.

/home/druid/dev/phing/trunk/test/classes/phing/BuildFileTest.php:196
/home/druid/dev/phing/trunk/test/classes/phing/tasks/ext/GitTasks/GitPullTaskTest.php:54
/home/druid/dev/phing/trunk/bin/phing.php:37
</error>
      </testcase>
      <testcase name="testAllParamsSetRebase" class="GitPullTaskTest" file="/home/druid/dev/phing/trunk/test/classes/phing/tasks/ext/GitTasks/GitPullTaskTest.php" line="62" assertions="0" time="0.797687">
        <error type="BuildException">GitPullTaskTest::testAllParamsSetRebase
BuildException: /home/druid/dev/phing/trunk/test/etc/tasks/ext/GitPullTaskTest.xml:30:20: Task execution failed.

/home/druid/dev/phing/trunk/test/classes/phing/BuildFileTest.php:196
/home/druid/dev/phing/trunk/test/classes/phing/tasks/ext/GitTasks/GitPullTaskTest.php:65
/home/druid/dev/phing/trunk/bin/phing.php:37
</error>
      </testcase>
      <testcase name="testAllReposSet" class="GitPullTaskTest" file="/home/druid/dev/phing/trunk/test/classes/phing/tasks/ext/GitTasks/GitPullTaskTest.php" line="74" assertions="0" time="0.811439"/>
      <testcase name="testTagsSet" class="GitPullTaskTest" file="/home/druid/dev/phing/trunk/test/classes/phing/tasks/ext/GitTasks/GitPullTaskTest.php" line="82" assertions="0" time="0.963239">
        <error type="BuildException">GitPullTaskTest::testTagsSet
BuildException: /home/druid/dev/phing/trunk/test/etc/tasks/ext/GitPullTaskTest.xml:79:11: Task execution failed.

/home/druid/dev/phing/trunk/test/classes/phing/BuildFileTest.php:196
/home/druid/dev/phing/trunk/test/classes/phing/tasks/ext/GitTasks/GitPullTaskTest.php:85
/home/druid/dev/phing/trunk/bin/phing.php:37
</error>
      </testcase>
      <testcase name="testAppendSet" class="GitPullTaskTest" file="/home/druid/dev/phing/trunk/test/classes/phing/tasks/ext/GitTasks/GitPullTaskTest.php" line="93" assertions="0" time="0.776671"/>
      <testcase name="testNoTagsSet" class="GitPullTaskTest" file="/home/druid/dev/phing/trunk/test/classes/phing/tasks/ext/GitTasks/GitPullTaskTest.php" line="102" assertions="0" time="0.806981">
        <error type="BuildException">GitPullTaskTest::testNoTagsSet
BuildException: /home/druid/dev/phing/trunk/test/etc/tasks/ext/GitPullTaskTest.xml:89:13: Task execution failed.

/home/druid/dev/phing/trunk/test/classes/phing/BuildFileTest.php:196
/home/druid/dev/phing/trunk/test/classes/phing/tasks/ext/GitTasks/GitPullTaskTest.php:105
/home/druid/dev/phing/trunk/bin/phing.php:37
</error>
      </testcase>
      <testcase name="testNoRepositorySpecified" class="GitPullTaskTest" file="/home/druid/dev/phing/trunk/test/classes/phing/tasks/ext/GitTasks/GitPullTaskTest.php" line="113" assertions="0" time="0.022364"/>
      <testcase name="testNoSourceSpecified" class="GitPullTaskTest" file="/home/druid/dev/phing/trunk/test/classes/phing/tasks/ext/GitTasks/GitPullTaskTest.php" line="120" assertions="0" time="0.509361"/>
      <testcase name="testWrongStrategySet" class="GitPullTaskTest" file="/home/druid/dev/phing/trunk/test/classes/phing/tasks/ext/GitTasks/GitPullTaskTest.php" line="127" assertions="0" time="0.644582"/>
    </testsuite>
    <testsuite name="GitCloneTaskTest" file="/home/druid/dev/phing/trunk/test/classes/phing/tasks/ext/GitTasks/GitCloneTaskTest.php" fullPackage="phing.tasks.ext" package="phing.tasks.ext" tests="6" assertions="8" failures="0" errors="0" time="1.236504">
      <testcase name="testWrongRepository" class="GitCloneTaskTest" file="/home/druid/dev/phing/trunk/test/classes/phing/tasks/ext/GitTasks/GitCloneTaskTest.php" line="46" assertions="0" time="0.039250"/>
      <testcase name="testWrongTargetPath" class="GitCloneTaskTest" file="/home/druid/dev/phing/trunk/test/classes/phing/tasks/ext/GitTasks/GitCloneTaskTest.php" line="53" assertions="0" time="0.019845"/>
      <testcase name="testGitClone" class="GitCloneTaskTest" file="/home/druid/dev/phing/trunk/test/classes/phing/tasks/ext/GitTasks/GitCloneTaskTest.php" line="60" assertions="3" time="0.536611"/>
      <testcase name="testGitCloneBare" class="GitCloneTaskTest" file="/home/druid/dev/phing/trunk/test/classes/phing/tasks/ext/GitTasks/GitCloneTaskTest.php" line="73" assertions="5" time="0.604583"/>
      <testcase name="testNoRepositorySpecified" class="GitCloneTaskTest" file="/home/druid/dev/phing/trunk/test/classes/phing/tasks/ext/GitTasks/GitCloneTaskTest.php" line="86" assertions="0" time="0.018430"/>
      <testcase name="testNoTargetPathSpecified" class="GitCloneTaskTest" file="/home/druid/dev/phing/trunk/test/classes/phing/tasks/ext/GitTasks/GitCloneTaskTest.php" line="93" assertions="0" time="0.017785"/>
    </testsuite>
    <testsuite name="PropertyTaskTest" file="/home/druid/dev/phing/trunk/test/classes/phing/tasks/PropertyTaskTest.php" fullPackage="phing.tasks.system" package="phing.tasks.system" tests="6" assertions="5" failures="0" errors="0" time="0.152604">
      <testcase name="test1" class="PropertyTaskTest" file="/home/druid/dev/phing/trunk/test/classes/phing/tasks/PropertyTaskTest.php" line="37" assertions="2" time="0.015446"/>
      <testcase name="test2" class="PropertyTaskTest" file="/home/druid/dev/phing/trunk/test/classes/phing/tasks/PropertyTaskTest.php" line="42" assertions="0" time="0.016282"/>
      <testcase name="test3" class="PropertyTaskTest" file="/home/druid/dev/phing/trunk/test/classes/phing/tasks/PropertyTaskTest.php" line="46" assertions="1" time="0.067533"/>
      <testcase name="test4" class="PropertyTaskTest" file="/home/druid/dev/phing/trunk/test/classes/phing/tasks/PropertyTaskTest.php" line="57" assertions="0" time="0.017912"/>
      <testcase name="testPrefixSuccess" class="PropertyTaskTest" file="/home/druid/dev/phing/trunk/test/classes/phing/tasks/PropertyTaskTest.php" line="61" assertions="1" time="0.018331"/>
      <testcase name="testPrefixFailure" class="PropertyTaskTest" file="/home/druid/dev/phing/trunk/test/classes/phing/tasks/PropertyTaskTest.php" line="67" assertions="1" time="0.017100"/>
    </testsuite>
    <testsuite name="ImportTaskTest" file="/home/druid/dev/phing/trunk/test/classes/phing/tasks/ImportTaskTest.php" fullPackage="phing.tasks.system" package="phing.tasks.system" tests="5" assertions="0" failures="0" errors="0" time="0.121928">
      <testcase name="testOverloadedTarget" class="ImportTaskTest" file="/home/druid/dev/phing/trunk/test/classes/phing/tasks/ImportTaskTest.php" line="35" assertions="0" time="0.029195"/>
      <testcase name="testImportedTarget" class="ImportTaskTest" file="/home/druid/dev/phing/trunk/test/classes/phing/tasks/ImportTaskTest.php" line="40" assertions="0" time="0.023166"/>
      <testcase name="testImported2Target" class="ImportTaskTest" file="/home/druid/dev/phing/trunk/test/classes/phing/tasks/ImportTaskTest.php" line="46" assertions="0" time="0.022960"/>
      <testcase name="testCascadeTarget" class="ImportTaskTest" file="/home/druid/dev/phing/trunk/test/classes/phing/tasks/ImportTaskTest.php" line="51" assertions="0" time="0.023286"/>
      <testcase name="testFlipFlopTarget" class="ImportTaskTest" file="/home/druid/dev/phing/trunk/test/classes/phing/tasks/ImportTaskTest.php" line="58" assertions="0" time="0.023321"/>
    </testsuite>
    <testsuite name="TypedefTaskTest" file="/home/druid/dev/phing/trunk/test/classes/phing/tasks/TypedefTaskTest.php" fullPackage="phing.tasks.system" package="phing.tasks.system" tests="5" assertions="4" failures="0" errors="0" time="0.106819">
      <testcase name="testEmpty" class="TypedefTaskTest" file="/home/druid/dev/phing/trunk/test/classes/phing/tasks/TypedefTaskTest.php" line="36" assertions="0" time="0.024749"/>
      <testcase name="testNoName" class="TypedefTaskTest" file="/home/druid/dev/phing/trunk/test/classes/phing/tasks/TypedefTaskTest.php" line="40" assertions="0" time="0.018575"/>
      <testcase name="testNoClassname" class="TypedefTaskTest" file="/home/druid/dev/phing/trunk/test/classes/phing/tasks/TypedefTaskTest.php" line="44" assertions="0" time="0.017280"/>
      <testcase name="testGlobal" class="TypedefTaskTest" file="/home/druid/dev/phing/trunk/test/classes/phing/tasks/TypedefTaskTest.php" line="48" assertions="2" time="0.028052"/>
      <testcase name="testLocal" class="TypedefTaskTest" file="/home/druid/dev/phing/trunk/test/classes/phing/tasks/TypedefTaskTest.php" line="56" assertions="2" time="0.018163"/>
    </testsuite>
    <testsuite name="TaskdefTaskTest" file="/home/druid/dev/phing/trunk/test/classes/phing/tasks/TaskdefTaskTest.php" fullPackage="phing.tasks.system" package="phing.tasks.system" tests="5" assertions="4" failures="0" errors="0" time="0.106429">
      <testcase name="testEmpty" class="TaskdefTaskTest" file="/home/druid/dev/phing/trunk/test/classes/phing/tasks/TaskdefTaskTest.php" line="34" assertions="0" time="0.028051"/>
      <testcase name="testNoName" class="TaskdefTaskTest" file="/home/druid/dev/phing/trunk/test/classes/phing/tasks/TaskdefTaskTest.php" line="38" assertions="0" time="0.019303"/>
      <testcase name="testNoClassname" class="TaskdefTaskTest" file="/home/druid/dev/phing/trunk/test/classes/phing/tasks/TaskdefTaskTest.php" line="42" assertions="0" time="0.019298"/>
      <testcase name="testGlobal" class="TaskdefTaskTest" file="/home/druid/dev/phing/trunk/test/classes/phing/tasks/TaskdefTaskTest.php" line="46" assertions="2" time="0.019257"/>
      <testcase name="testLocal" class="TaskdefTaskTest" file="/home/druid/dev/phing/trunk/test/classes/phing/tasks/TaskdefTaskTest.php" line="54" assertions="2" time="0.020520"/>
    </testsuite>
    <testsuite name="UpToDateTaskTest" file="/home/druid/dev/phing/trunk/test/classes/phing/tasks/system/UpToDateTaskTest.php" fullPackage="phing.tasks.ext" package="phing.tasks.ext" tests="2" assertions="0" failures="0" errors="0" time="0.045354">
      <testcase name="testOverrideNoPropertySet" class="UpToDateTaskTest" file="/home/druid/dev/phing/trunk/test/classes/phing/tasks/system/UpToDateTaskTest.php" line="41" assertions="0" time="0.025847"/>
      <testcase name="testOverridePropertySet" class="UpToDateTaskTest" file="/home/druid/dev/phing/trunk/test/classes/phing/tasks/system/UpToDateTaskTest.php" line="53" assertions="0" time="0.019507"/>
    </testsuite>
    <testsuite name="PearPkg2CompatibilityTest" file="/home/druid/dev/phing/trunk/test/classes/phing/regression/PearPkg2CompatibilityTest.php" fullPackage="phing.regression" package="phing.regression" tests="3" assertions="3" failures="0" errors="0" time="0.310815">
      <testcase name="testInactiveMaintainers" class="PearPkg2CompatibilityTest" file="/home/druid/dev/phing/trunk/test/classes/phing/regression/PearPkg2CompatibilityTest.php" line="46" assertions="1" time="0.179608"/>
      <testcase name="testActiveMaintainers" class="PearPkg2CompatibilityTest" file="/home/druid/dev/phing/trunk/test/classes/phing/regression/PearPkg2CompatibilityTest.php" line="52" assertions="1" time="0.065679"/>
      <testcase name="testNotSetMaintainers" class="PearPkg2CompatibilityTest" file="/home/druid/dev/phing/trunk/test/classes/phing/regression/PearPkg2CompatibilityTest.php" line="58" assertions="1" time="0.065528"/>
    </testsuite>
    <testsuite name="PhpUnit34Test" file="/home/druid/dev/phing/trunk/test/classes/phing/regression/PhpUnit34Test.php" fullPackage="phing.regression" package="phing.regression" tests="1" assertions="1" failures="0" errors="0" time="0.192327">
      <testcase name="testPhingCallTask" class="PhpUnit34Test" file="/home/druid/dev/phing/trunk/test/classes/phing/regression/PhpUnit34Test.php" line="37" assertions="1" time="0.192327"/>
    </testsuite>
    <testsuite name="PearStyleNamingTest" file="/home/druid/dev/phing/trunk/test/classes/phing/regression/PearStyleNamingTest.php" fullPackage="phing.regression" package="phing.regression" tests="1" assertions="0" failures="0" errors="0" time="0.013981">
      <testcase name="testPhingCallTask" class="PearStyleNamingTest" file="/home/druid/dev/phing/trunk/test/classes/phing/regression/PearStyleNamingTest.php" line="37" assertions="0" time="0.013981"/>
    </testsuite>
    <testsuite name="RecursivePropertyTest" file="/home/druid/dev/phing/trunk/test/classes/phing/regression/RecursivePropertyTest.php" fullPackage="phing.regression" package="phing.regression" tests="1" assertions="1" failures="0" errors="0" time="0.015744">
      <testcase name="testCopyTask" class="RecursivePropertyTest" file="/home/druid/dev/phing/trunk/test/classes/phing/regression/RecursivePropertyTest.php" line="42" assertions="1" time="0.015744"/>
    </testsuite>
    <testsuite name="MoveReplaceRegexpTest" file="/home/druid/dev/phing/trunk/test/classes/phing/regression/MoveReplaceRegexpTest.php" fullPackage="phing.regression" package="phing.regression" tests="1" assertions="1" failures="0" errors="0" time="0.028625">
      <testcase name="testPhingCallTask" class="MoveReplaceRegexpTest" file="/home/druid/dev/phing/trunk/test/classes/phing/regression/MoveReplaceRegexpTest.php" line="42" assertions="1" time="0.028625"/>
    </testsuite>
    <testsuite name="ExcludeZipTest" file="/home/druid/dev/phing/trunk/test/classes/phing/regression/ExcludeZipTest.php" fullPackage="phing.regression" package="phing.regression" tests="1" assertions="0" failures="0" errors="0" time="0.079325">
      <testcase name="testZipTask" class="ExcludeZipTest" file="/home/druid/dev/phing/trunk/test/classes/phing/regression/ExcludeZipTest.php" line="37" assertions="0" time="0.079325"/>
    </testsuite>
    <testsuite name="CustomTaskFileSetTest" file="/home/druid/dev/phing/trunk/test/classes/phing/regression/CustomTaskFileSetTest.php" fullPackage="phing.regression" package="phing.regression" tests="1" assertions="0" failures="0" errors="0" time="0.078244">
      <testcase name="testCustomTask" class="CustomTaskFileSetTest" file="/home/druid/dev/phing/trunk/test/classes/phing/regression/CustomTaskFileSetTest.php" line="37" assertions="0" time="0.078244"/>
    </testsuite>
    <testsuite name="HtmlEntitiesTest" file="/home/druid/dev/phing/trunk/test/classes/phing/regression/HtmlEntitiesTest.php" fullPackage="phing.regression" package="phing.regression" tests="1" assertions="0" failures="0" errors="0" time="0.021501">
      <testcase name="testCopyTask" class="HtmlEntitiesTest" file="/home/druid/dev/phing/trunk/test/classes/phing/regression/HtmlEntitiesTest.php" line="37" assertions="0" time="0.021501"/>
    </testsuite>
    <testsuite name="CopyMoveNoExceptionTest" file="/home/druid/dev/phing/trunk/test/classes/phing/regression/CopyMoveNoExceptionTest.php" fullPackage="phing.regression" package="phing.regression" tests="1" assertions="0" failures="0" errors="0" time="0.016200">
      <testcase name="testPhingCallTask" class="CopyMoveNoExceptionTest" file="/home/druid/dev/phing/trunk/test/classes/phing/regression/CopyMoveNoExceptionTest.php" line="37" assertions="0" time="0.016200"/>
    </testsuite>
    <testsuite name="PhpLintFlagTest" file="/home/druid/dev/phing/trunk/test/classes/phing/regression/590/PhpLintTest.php" fullPackage="phing.regression" package="phing.regression" tests="1" assertions="0" failures="0" errors="0" time="0.190301">
      <testcase name="testPhingCallTask" class="PhpLintFlagTest" file="/home/druid/dev/phing/trunk/test/classes/phing/regression/590/PhpLintTest.php" line="37" assertions="0" time="0.190301"/>
    </testsuite>
    <testsuite name="PropertyCommentsTest" file="/home/druid/dev/phing/trunk/test/classes/phing/regression/PropertyCommentsTest.php" fullPackage="phing.regression" package="phing.regression" tests="1" assertions="1" failures="0" errors="0" time="0.013925">
      <testcase name="testPhingCallTask" class="PropertyCommentsTest" file="/home/druid/dev/phing/trunk/test/classes/phing/regression/PropertyCommentsTest.php" line="37" assertions="1" time="0.013925"/>
    </testsuite>
    <testsuite name="ForeachFileSetTest" file="/home/druid/dev/phing/trunk/test/classes/phing/regression/ForeachFileSetTest.php" fullPackage="phing.regression" package="phing.regression" tests="1" assertions="0" failures="0" errors="0" time="0.046042">
      <testcase name="testCustomTask" class="ForeachFileSetTest" file="/home/druid/dev/phing/trunk/test/classes/phing/regression/ForeachFileSetTest.php" line="37" assertions="0" time="0.046042"/>
    </testsuite>
    <testsuite name="CopyTaskFileListTest" file="/home/druid/dev/phing/trunk/test/classes/phing/regression/CopyTaskFileListTest.php" fullPackage="phing.regression" package="phing.regression" tests="1" assertions="0" failures="0" errors="0" time="0.029144">
      <testcase name="testCopyTask" class="CopyTaskFileListTest" file="/home/druid/dev/phing/trunk/test/classes/phing/regression/CopyTaskFileListTest.php" line="37" assertions="0" time="0.029144"/>
    </testsuite>
    <testsuite name="ReplaceTokenBooleanTest" file="/home/druid/dev/phing/trunk/test/classes/phing/regression/ReplaceTokenBooleanTest.php" fullPackage="phing.regression" package="phing.regression" tests="1" assertions="0" failures="0" errors="0" time="0.018212">
      <testcase name="testCustomTask" class="ReplaceTokenBooleanTest" file="/home/druid/dev/phing/trunk/test/classes/phing/regression/ReplaceTokenBooleanTest.php" line="37" assertions="0" time="0.018212"/>
    </testsuite>
    <testsuite name="PhingCallAdhocTest" file="/home/druid/dev/phing/trunk/test/classes/phing/regression/PhingCallAdhocTest.php" fullPackage="phing.regression" package="phing.regression" tests="1" assertions="0" failures="0" errors="0" time="0.031413">
      <testcase name="testPhingCallTask" class="PhingCallAdhocTest" file="/home/druid/dev/phing/trunk/test/classes/phing/regression/PhingCallAdhocTest.php" line="37" assertions="0" time="0.031413"/>
    </testsuite>
    <testsuite name="LineContainsTest" file="/home/druid/dev/phing/trunk/test/classes/phing/filters/LineContainsTest.php" fullPackage="phing.filters" package="phing.filters" tests="1" assertions="1" failures="0" errors="0" time="0.029714">
      <testcase name="testLineContains" class="LineContainsTest" file="/home/druid/dev/phing/trunk/test/classes/phing/filters/LineContainsTest.php" line="43" assertions="1" time="0.029714"/>
    </testsuite>
    <testsuite name="TargetTest" file="/home/druid/dev/phing/trunk/test/classes/phing/components/TargetTest.php" fullPackage="phing.system" package="phing.system" tests="1" assertions="2" failures="0" errors="0" time="0.180535">
      <testcase name="testHiddenTargets" class="TargetTest" file="/home/druid/dev/phing/trunk/test/classes/phing/components/TargetTest.php" line="38" assertions="2" time="0.180535"/>
    </testsuite>
    <testsuite name="IntrospectionHelperTest" file="/home/druid/dev/phing/trunk/test/classes/phing/IntrospectionHelperTest.php" fullPackage="phing" package="phing" tests="3" assertions="3" failures="0" errors="0" time="0.005299">
      <testcase name="testAddText" class="IntrospectionHelperTest" file="/home/druid/dev/phing/trunk/test/classes/phing/IntrospectionHelperTest.php" line="47" assertions="0" time="0.002301"/>
      <testcase name="testSupportsCharacters" class="IntrospectionHelperTest" file="/home/druid/dev/phing/trunk/test/classes/phing/IntrospectionHelperTest.php" line="59" assertions="2" time="0.001068"/>
      <testcase name="testElementCreators" class="IntrospectionHelperTest" file="/home/druid/dev/phing/trunk/test/classes/phing/IntrospectionHelperTest.php" line="66" assertions="1" time="0.001930"/>
    </testsuite>
    <testsuite name="MapperTest" file="/home/druid/dev/phing/trunk/test/classes/phing/types/MapperTest.php" fullPackage="phing.types" package="phing.types" tests="3" assertions="9" failures="0" errors="0" time="0.319527">
      <testcase name="testEmptyElementIfIsReference" class="MapperTest" file="/home/druid/dev/phing/trunk/test/classes/phing/types/MapperTest.php" line="45" assertions="4" time="0.002526"/>
      <testcase name="testCircularReferenceCheck" class="MapperTest" file="/home/druid/dev/phing/trunk/test/classes/phing/types/MapperTest.php" line="82" assertions="5" time="0.008673"/>
      <testcase name="testCopyTaskWithTwoFilesets" class="MapperTest" file="/home/druid/dev/phing/trunk/test/classes/phing/types/MapperTest.php" line="132" assertions="0" time="0.308328"/>
    </testsuite>
    <testsuite name="TaskdefForCopyTest" file="/home/druid/dev/phing/trunk/test/classes/phing/types/MapperTest.php" fullPackage="phing.mappers" package="phing.mappers" tests="1" assertions="0" failures="0" errors="0" time="0.343885">
      <testcase name="test1" class="TaskdefForCopyTest" file="/home/druid/dev/phing/trunk/test/classes/phing/types/MapperTest.php" line="160" assertions="0" time="0.343885"/>
    </testsuite>
    <testsuite name="FileSetTest" file="/home/druid/dev/phing/trunk/test/classes/phing/types/FileSetTest.php" fullPackage="phing.types" package="phing.types" tests="1" assertions="13" failures="0" errors="0" time="0.005209">
      <testcase name="testEmptyElementIfIsReference" class="FileSetTest" file="/home/druid/dev/phing/trunk/test/classes/phing/types/FileSetTest.php" line="49" assertions="13" time="0.005209"/>
    </testsuite>
    <testsuite name="CommandlineTest" file="/home/druid/dev/phing/trunk/test/classes/phing/types/CommandlineTest.php" fullPackage="phing.types" package="phing.types" tests="1" assertions="4" failures="0" errors="0" time="0.002627">
      <testcase name="testTranslateCommandline" class="CommandlineTest" file="/home/druid/dev/phing/trunk/test/classes/phing/types/CommandlineTest.php" line="45" assertions="4" time="0.002627"/>
    </testsuite>
    <testsuite name="FileOutputStreamTest" file="/home/druid/dev/phing/trunk/test/classes/phing/system/FileOutputStreamTest.php" fullPackage="phing.system" package="phing.system" tests="2" assertions="3" failures="0" errors="0" time="0.003935">
      <testcase name="testWrite" class="FileOutputStreamTest" file="/home/druid/dev/phing/trunk/test/classes/phing/system/FileOutputStreamTest.php" line="55" assertions="3" time="0.002102"/>
      <testcase name="testFlush" class="FileOutputStreamTest" file="/home/druid/dev/phing/trunk/test/classes/phing/system/FileOutputStreamTest.php" line="79" assertions="0" time="0.001833"/>
    </testsuite>
    <testsuite name="UnixFileSystemTest" file="/home/druid/dev/phing/trunk/test/classes/phing/system/io/UnixFileSystemTest.php" fullPackage="phing.system.io" package="phing.system.io" tests="1" assertions="1" failures="0" errors="0" time="0.001055">
      <testcase name="testCompare" class="UnixFileSystemTest" file="/home/druid/dev/phing/trunk/test/classes/phing/system/io/UnixFileSystemTest.php" line="47" assertions="1" time="0.001055"/>
    </testsuite>
  </testsuite>
</testsuites>
